#
# A fatal error has been detected by the Java Runtime Environment:
#
#  EXCEPTION_ACCESS_VIOLATION (0xc0000005) at pc=0x0000000074667acf, pid=8816, tid=0x0000000000001470
#
# JRE version: Java(TM) SE Runtime Environment (8.0_221-b11) (build 1.8.0_221-b11)
# Java VM: Java HotSpot(TM) 64-Bit Server VM (25.221-b11 mixed mode windows-amd64 compressed oops)
# Problematic frame:
# V  [jvm.dll+0xf7acf]
#
# Failed to write core dump. Minidumps are not enabled by default on client versions of Windows
#
# If you would like to submit a bug report, please visit:
#   http://bugreport.java.com/bugreport/crash.jsp
#

---------------  T H R E A D  ---------------

Current thread (0x00000000033dd000):  VMThread [stack: 0x000000001f670000,0x000000001f770000] [id=5232]

siginfo: ExceptionCode=0xc0000005, reading address 0x0000000029804678

Registers:
RAX=0x00000000001942a0, RBX=0x0000000000000000, RCX=0x00000000296703c8, RDX=0x000000000000ca15
RSP=0x000000001f76ef08, RBP=0x000000001f76f480, RSI=0x000000001f76f610, RDI=0x000000001f76f610
R8 =0x0000000000000000, R9 =0x000000002966fb80, R10=0x0000000000000008, R11=0x000000002966e712
R12=0x000000000338e4e0, R13=0x000000001f76f440, R14=0x00000000000003d8, R15=0x000000001f76f430
RIP=0x0000000074667acf, EFLAGS=0x0000000000010206

Top of Stack: (sp=0x000000001f76ef08)
0x000000001f76ef08:   000000007466f510 00000006c47f6628
0x000000001f76ef18:   0000000000000000 000000001f76f610
0x000000001f76ef28:   00000006c47f6788 00000006c47f67f0
0x000000001f76ef38:   00000006c47f6878 0000000074b79f48
0x000000001f76ef48:   000000000337fa50 0000000000000016
0x000000001f76ef58:   000000060000000c 000000001f76ef80
0x000000001f76ef68:   0000000600000004 0000000046000022
0x000000001f76ef78:   00000006c47f6b88 4fffffff4fffffff
0x000000001f76ef88:   2fffffff2fffffff 00000006c47f6cf0
0x000000001f76ef98:   00000006c47f6d58 00000006c47f6dc0
0x000000001f76efa8:   00000006c47f6e30 00000006c47f6ea0
0x000000001f76efb8:   00000006c47f6f08 00000006c47f6f70
0x000000001f76efc8:   00000006c47f6fd8 00000006c47f7040
0x000000001f76efd8:   00000006c47f70a8 00000006c47f7110
0x000000001f76efe8:   00000006c47f7200 00000006c47f7268
0x000000001f76eff8:   00000006c47f72d0 00000006c47f7338 

Instructions: (pc=0x0000000074667acf)
0x0000000074667aaf:   74 3e 85 d2 79 13 f7 d2 48 63 c2 48 c1 e0 05 48
0x0000000074667abf:   8b 44 08 10 0f b7 c0 eb 12 48 63 c2 48 c1 e0 05
0x0000000074667acf:   48 8b 44 08 10 0f b7 d0 48 63 c2 41 0f b7 4c c1
0x0000000074667adf:   52 48 63 c1 41 0f b7 44 c1 52 49 8b 44 c1 50 c3 


Register to memory mapping:

RAX=0x00000000001942a0 is an unknown value
RBX=0x0000000000000000 is an unknown value
RCX=0x00000000296703c8 is pointing into metadata
RDX=0x000000000000ca15 is an unknown value
RSP=0x000000001f76ef08 is an unknown value
RBP=0x000000001f76f480 is an unknown value
RSI=0x000000001f76f610 is an unknown value
RDI=0x000000001f76f610 is an unknown value
R8 =0x0000000000000000 is an unknown value
R9 =0x000000002966fb80 is pointing into metadata
R10=0x0000000000000008 is an unknown value
R11=0x000000002966e712 is pointing into metadata
R12=0x000000000338e4e0 is an unknown value
R13=0x000000001f76f440 is an unknown value
R14=0x00000000000003d8 is an unknown value
R15=0x000000001f76f430 is an unknown value


Stack: [0x000000001f670000,0x000000001f770000],  sp=0x000000001f76ef08,  free space=1019k
Native frames: (J=compiled Java code, j=interpreted, Vv=VM code, C=native code)
V  [jvm.dll+0xf7acf]

VM_Operation (0x00000000200af560): GetOrSetLocal, mode: safepoint, requested by thread 0x000000001e626000


---------------  P R O C E S S  ---------------

Java Threads: ( => current thread )
  0x0000000020a02000 JavaThread "Okio Watchdog" daemon [_thread_blocked, id=12928, stack(0x0000000027c20000,0x0000000027d20000)]
  0x0000000024aa8000 JavaThread "Exec Stream Pumper" daemon [_thread_in_native, id=1940, stack(0x0000000026480000,0x0000000026580000)]
  0x0000000024aa7000 JavaThread "Exec Stream Pumper" daemon [_thread_in_native, id=15860, stack(0x0000000026380000,0x0000000026480000)]
  0x0000000020525000 JavaThread "Exec Default Executor" daemon [_thread_in_native, id=18984, stack(0x00000000237f0000,0x00000000238f0000)]
  0x0000000021f05000 JavaThread "ReaderThread" [_thread_in_native, id=12292, stack(0x00000000234a0000,0x00000000235a0000)]
  0x0000000020364800 JavaThread "Service Thread" daemon [_thread_blocked, id=1348, stack(0x0000000020eb0000,0x0000000020fb0000)]
  0x00000000203af800 JavaThread "C1 CompilerThread3" daemon [_thread_blocked, id=3996, stack(0x0000000020db0000,0x0000000020eb0000)]
  0x0000000020364000 JavaThread "C2 CompilerThread2" daemon [_thread_blocked, id=16084, stack(0x0000000020cb0000,0x0000000020db0000)]
  0x0000000020398000 JavaThread "C2 CompilerThread1" daemon [_thread_blocked, id=19056, stack(0x0000000020bb0000,0x0000000020cb0000)]
  0x0000000020351000 JavaThread "C2 CompilerThread0" daemon [_thread_blocked, id=17960, stack(0x0000000020ab0000,0x0000000020bb0000)]
  0x000000001e63a000 JavaThread "JDWP Command Reader" daemon [_thread_in_native, id=10512, stack(0x00000000201b0000,0x00000000202b0000)]
  0x000000001e633000 JavaThread "JDWP Event Helper Thread" daemon [_thread_blocked, id=9004, stack(0x00000000200b0000,0x00000000201b0000)]
  0x000000001e626000 JavaThread "JDWP Transport Listener: dt_socket" daemon [_thread_blocked, id=20860, stack(0x000000001ffb0000,0x00000000200b0000)]
  0x000000001e616000 JavaThread "Attach Listener" daemon [_thread_blocked, id=940, stack(0x000000001fb70000,0x000000001fc70000)]
  0x000000001e615000 JavaThread "Signal Dispatcher" daemon [_thread_blocked, id=3188, stack(0x000000001fa70000,0x000000001fb70000)]
  0x000000001cf24800 JavaThread "Finalizer" daemon [_thread_blocked, id=19772, stack(0x000000001f870000,0x000000001f970000)]
  0x000000001e603000 JavaThread "Reference Handler" daemon [_thread_blocked, id=12540, stack(0x000000001f770000,0x000000001f870000)]
  0x00000000032e6800 JavaThread "main" [_thread_blocked, id=19124, stack(0x0000000003080000,0x0000000003180000)]

Other Threads:
=>0x00000000033dd000 VMThread [stack: 0x000000001f670000,0x000000001f770000] [id=5232]
  0x00000000202fd000 WatcherThread [stack: 0x0000000020fb0000,0x00000000210b0000] [id=8716]

VM state:at safepoint (normal execution)

VM Mutex/Monitor currently owned by a thread:  ([mutex/lock_event])
[0x00000000032e3a00] Threads_lock - owner thread: 0x00000000033dd000

heap address: 0x00000006c3400000, size: 4044 MB, Compressed Oops mode: Zero based, Oop shift amount: 3
Narrow klass base: 0x0000000000000000, Narrow klass shift: 3
Compressed class space size: 1073741824 Address: 0x00000007c0000000

Heap:
 PSYoungGen      total 278016K, used 89937K [0x000000076bc00000, 0x000000078a400000, 0x00000007c0000000)
  eden space 254464K, 35% used [0x000000076bc00000,0x00000007713d46b0,0x000000077b480000)
  from space 23552K, 0% used [0x000000077b480000,0x000000077b480000,0x000000077cb80000)
  to   space 31744K, 0% used [0x0000000788500000,0x0000000788500000,0x000000078a400000)
 ParOldGen       total 165376K, used 58256K [0x00000006c3400000, 0x00000006cd580000, 0x000000076bc00000)
  object space 165376K, 35% used [0x00000006c3400000,0x00000006c6ce4108,0x00000006cd580000)
 Metaspace       used 36895K, capacity 38162K, committed 38272K, reserved 1083392K
  class space    used 4333K, capacity 4669K, committed 4736K, reserved 1048576K

Card table byte_map: [0x00000000127a0000,0x0000000012f90000] byte_map_base: 0x000000000f186000

Marking Bits: (ParMarkBitMap*) 0x0000000074d95ce0
 Begin Bits: [0x0000000013ee0000, 0x0000000017e10000)
 End Bits:   [0x0000000017e10000, 0x000000001bd40000)

Polling page: 0x0000000001150000

CodeCache: size=245760Kb used=15297Kb max_used=15676Kb free=230462Kb
 bounds [0x00000000033e0000, 0x0000000004340000, 0x00000000123e0000]
 total_blobs=4341 nmethods=3849 adapters=412
 compilation: enabled

Compilation events (10 events):
Event: 433.538 Thread 0x0000000020364000 4267       4       com.sun.org.apache.xerces.internal.util.XMLChar::isContent (35 bytes)
Event: 433.538 Thread 0x0000000020364000 nmethod 4267 0x0000000003fa84d0 code [0x0000000003fa8600, 0x0000000003fa8698]
Event: 433.539 Thread 0x0000000020364000 4386       4       com.sun.org.apache.xerces.internal.xni.XMLString::setValues (16 bytes)
Event: 433.539 Thread 0x0000000020364000 nmethod 4386 0x0000000003bcf410 code [0x0000000003bcf540, 0x0000000003bcf5b8]
Event: 433.539 Thread 0x0000000020364000 4229       4       java.util.regex.Pattern$Dot::isSatisfiedBy (34 bytes)
Event: 433.540 Thread 0x0000000020364000 nmethod 4229 0x0000000003790310 code [0x0000000003790460, 0x0000000003790538]
Event: 433.540 Thread 0x0000000020364000 4452       4       org.apache.xmlbeans.impl.store.Cur::isOnList (21 bytes)
Event: 433.540 Thread 0x0000000020364000 nmethod 4452 0x00000000042ee9d0 code [0x00000000042eeb00, 0x00000000042eeb98]
Event: 433.541 Thread 0x0000000020351000 nmethod 4468 0x00000000037cc290 code [0x00000000037cc540, 0x00000000037ce840]
Event: 433.617 Thread 0x0000000020398000 nmethod 4388 0x00000000038cd010 code [0x00000000038cd940, 0x00000000038d3db0]

GC Heap History (10 events):
Event: 8.586 GC heap before
{Heap before GC invocations=5 (full 0):
 PSYoungGen      total 140800K, used 28882K [0x000000076bc00000, 0x0000000775000000, 0x00000007c0000000)
  eden space 130048K, 13% used [0x000000076bc00000,0x000000076cdb88b0,0x0000000773b00000)
  from space 10752K, 99% used [0x0000000774580000,0x0000000774ffc030,0x0000000775000000)
  to   space 10752K, 0% used [0x0000000773b00000,0x0000000773b00000,0x0000000774580000)
 ParOldGen       total 173568K, used 22546K [0x00000006c3400000, 0x00000006cdd80000, 0x000000076bc00000)
  object space 173568K, 12% used [0x00000006c3400000,0x00000006c4a04920,0x00000006cdd80000)
 Metaspace       used 20827K, capacity 21126K, committed 21296K, reserved 1069056K
  class space    used 2245K, capacity 2363K, committed 2432K, reserved 1048576K
Event: 8.593 GC heap after
Heap after GC invocations=5 (full 0):
 PSYoungGen      total 140800K, used 10736K [0x000000076bc00000, 0x000000077e800000, 0x00000007c0000000)
  eden space 130048K, 0% used [0x000000076bc00000,0x000000076bc00000,0x0000000773b00000)
  from space 10752K, 99% used [0x0000000773b00000,0x000000077457c030,0x0000000774580000)
  to   space 23552K, 0% used [0x000000077d100000,0x000000077d100000,0x000000077e800000)
 ParOldGen       total 173568K, used 23766K [0x00000006c3400000, 0x00000006cdd80000, 0x000000076bc00000)
  object space 173568K, 13% used [0x00000006c3400000,0x00000006c4b35b68,0x00000006cdd80000)
 Metaspace       used 20827K, capacity 21126K, committed 21296K, reserved 1069056K
  class space    used 2245K, capacity 2363K, committed 2432K, reserved 1048576K
}
Event: 8.593 GC heap before
{Heap before GC invocations=6 (full 1):
 PSYoungGen      total 140800K, used 10736K [0x000000076bc00000, 0x000000077e800000, 0x00000007c0000000)
  eden space 130048K, 0% used [0x000000076bc00000,0x000000076bc00000,0x0000000773b00000)
  from space 10752K, 99% used [0x0000000773b00000,0x000000077457c030,0x0000000774580000)
  to   space 23552K, 0% used [0x000000077d100000,0x000000077d100000,0x000000077e800000)
 ParOldGen       total 173568K, used 23766K [0x00000006c3400000, 0x00000006cdd80000, 0x000000076bc00000)
  object space 173568K, 13% used [0x00000006c3400000,0x00000006c4b35b68,0x00000006cdd80000)
 Metaspace       used 20827K, capacity 21126K, committed 21296K, reserved 1069056K
  class space    used 2245K, capacity 2363K, committed 2432K, reserved 1048576K
Event: 8.627 GC heap after
Heap after GC invocations=6 (full 1):
 PSYoungGen      total 140800K, used 0K [0x000000076bc00000, 0x000000077e800000, 0x00000007c0000000)
  eden space 130048K, 0% used [0x000000076bc00000,0x000000076bc00000,0x0000000773b00000)
  from space 10752K, 0% used [0x0000000773b00000,0x0000000773b00000,0x0000000774580000)
  to   space 23552K, 0% used [0x000000077d100000,0x000000077d100000,0x000000077e800000)
 ParOldGen       total 112640K, used 25469K [0x00000006c3400000, 0x00000006ca200000, 0x000000076bc00000)
  object space 112640K, 22% used [0x00000006c3400000,0x00000006c4cdf598,0x00000006ca200000)
 Metaspace       used 20827K, capacity 21126K, committed 21296K, reserved 1069056K
  class space    used 2245K, capacity 2363K, committed 2432K, reserved 1048576K
}
Event: 20.236 GC heap before
{Heap before GC invocations=7 (full 1):
 PSYoungGen      total 140800K, used 130048K [0x000000076bc00000, 0x000000077e800000, 0x00000007c0000000)
  eden space 130048K, 100% used [0x000000076bc00000,0x0000000773b00000,0x0000000773b00000)
  from space 10752K, 0% used [0x0000000773b00000,0x0000000773b00000,0x0000000774580000)
  to   space 23552K, 0% used [0x000000077d100000,0x000000077d100000,0x000000077e800000)
 ParOldGen       total 112640K, used 25469K [0x00000006c3400000, 0x00000006ca200000, 0x000000076bc00000)
  object space 112640K, 22% used [0x00000006c3400000,0x00000006c4cdf598,0x00000006ca200000)
 Metaspace       used 27975K, capacity 28886K, committed 29056K, reserved 1075200K
  class space    used 3205K, capacity 3439K, committed 3456K, reserved 1048576K
Event: 20.246 GC heap after
Heap after GC invocations=7 (full 1):
 PSYoungGen      total 254464K, used 17437K [0x000000076bc00000, 0x000000077e280000, 0x00000007c0000000)
  eden space 236544K, 0% used [0x000000076bc00000,0x000000076bc00000,0x000000077a300000)
  from space 17920K, 97% used [0x000000077d100000,0x000000077e207440,0x000000077e280000)
  to   space 23552K, 0% used [0x000000077b480000,0x000000077b480000,0x000000077cb80000)
 ParOldGen       total 112640K, used 25477K [0x00000006c3400000, 0x00000006ca200000, 0x000000076bc00000)
  object space 112640K, 22% used [0x00000006c3400000,0x00000006c4ce1598,0x00000006ca200000)
 Metaspace       used 27975K, capacity 28886K, committed 29056K, reserved 1075200K
  class space    used 3205K, capacity 3439K, committed 3456K, reserved 1048576K
}
Event: 20.995 GC heap before
{Heap before GC invocations=8 (full 1):
 PSYoungGen      total 254464K, used 173669K [0x000000076bc00000, 0x000000077e280000, 0x00000007c0000000)
  eden space 236544K, 66% used [0x000000076bc00000,0x0000000775492100,0x000000077a300000)
  from space 17920K, 97% used [0x000000077d100000,0x000000077e207440,0x000000077e280000)
  to   space 23552K, 0% used [0x000000077b480000,0x000000077b480000,0x000000077cb80000)
 ParOldGen       total 112640K, used 25477K [0x00000006c3400000, 0x00000006ca200000, 0x000000076bc00000)
  object space 112640K, 22% used [0x00000006c3400000,0x00000006c4ce1598,0x00000006ca200000)
 Metaspace       used 34356K, capacity 35402K, committed 35496K, reserved 1081344K
  class space    used 4016K, capacity 4317K, committed 4352K, reserved 1048576K
Event: 21.020 GC heap after
Heap after GC invocations=8 (full 1):
 PSYoungGen      total 278016K, used 23520K [0x000000076bc00000, 0x000000078a400000, 0x00000007c0000000)
  eden space 254464K, 0% used [0x000000076bc00000,0x000000076bc00000,0x000000077b480000)
  from space 23552K, 99% used [0x000000077b480000,0x000000077cb781e0,0x000000077cb80000)
  to   space 31744K, 0% used [0x0000000788500000,0x0000000788500000,0x000000078a400000)
 ParOldGen       total 112640K, used 35872K [0x00000006c3400000, 0x00000006ca200000, 0x000000076bc00000)
  object space 112640K, 31% used [0x00000006c3400000,0x00000006c57080d0,0x00000006ca200000)
 Metaspace       used 34356K, capacity 35402K, committed 35496K, reserved 1081344K
  class space    used 4016K, capacity 4317K, committed 4352K, reserved 1048576K
}
Event: 21.020 GC heap before
{Heap before GC invocations=9 (full 2):
 PSYoungGen      total 278016K, used 23520K [0x000000076bc00000, 0x000000078a400000, 0x00000007c0000000)
  eden space 254464K, 0% used [0x000000076bc00000,0x000000076bc00000,0x000000077b480000)
  from space 23552K, 99% used [0x000000077b480000,0x000000077cb781e0,0x000000077cb80000)
  to   space 31744K, 0% used [0x0000000788500000,0x0000000788500000,0x000000078a400000)
 ParOldGen       total 112640K, used 35872K [0x00000006c3400000, 0x00000006ca200000, 0x000000076bc00000)
  object space 112640K, 31% used [0x00000006c3400000,0x00000006c57080d0,0x00000006ca200000)
 Metaspace       used 34356K, capacity 35402K, committed 35496K, reserved 1081344K
  class space    used 4016K, capacity 4317K, committed 4352K, reserved 1048576K
Event: 21.131 GC heap after
Heap after GC invocations=9 (full 2):
 PSYoungGen      total 278016K, used 0K [0x000000076bc00000, 0x000000078a400000, 0x00000007c0000000)
  eden space 254464K, 0% used [0x000000076bc00000,0x000000076bc00000,0x000000077b480000)
  from space 23552K, 0% used [0x000000077b480000,0x000000077b480000,0x000000077cb80000)
  to   space 31744K, 0% used [0x0000000788500000,0x0000000788500000,0x000000078a400000)
 ParOldGen       total 165376K, used 58256K [0x00000006c3400000, 0x00000006cd580000, 0x000000076bc00000)
  object space 165376K, 35% used [0x00000006c3400000,0x00000006c6ce4108,0x00000006cd580000)
 Metaspace       used 34356K, capacity 35402K, committed 35496K, reserved 1081344K
  class space    used 4016K, capacity 4317K, committed 4352K, reserved 1048576K
}

Deoptimization events (10 events):
Event: 433.515 Thread 0x00000000032e6800 Uncommon trap: reason=unhandled action=none pc=0x0000000003667728 method=java.net.URLClassLoader.findClass(Ljava/lang/String;)Ljava/lang/Class; @ 44
Event: 433.516 Thread 0x00000000032e6800 Uncommon trap: reason=unhandled action=none pc=0x0000000003a2cdbc method=com.sun.org.apache.xerces.internal.impl.XMLEntityScanner.load(IZZ)Z @ 171
Event: 433.517 Thread 0x00000000032e6800 Uncommon trap: reason=unhandled action=none pc=0x0000000003667728 method=java.net.URLClassLoader.findClass(Ljava/lang/String;)Ljava/lang/Class; @ 44
Event: 433.517 Thread 0x00000000032e6800 Uncommon trap: reason=unhandled action=none pc=0x0000000003a2cdbc method=com.sun.org.apache.xerces.internal.impl.XMLEntityScanner.load(IZZ)Z @ 171
Event: 433.519 Thread 0x00000000032e6800 Uncommon trap: reason=unhandled action=none pc=0x0000000003667728 method=java.net.URLClassLoader.findClass(Ljava/lang/String;)Ljava/lang/Class; @ 44
Event: 433.519 Thread 0x00000000032e6800 Uncommon trap: reason=unhandled action=none pc=0x0000000003667728 method=java.net.URLClassLoader.findClass(Ljava/lang/String;)Ljava/lang/Class; @ 44
Event: 433.521 Thread 0x00000000032e6800 Uncommon trap: reason=unhandled action=none pc=0x0000000003667728 method=java.net.URLClassLoader.findClass(Ljava/lang/String;)Ljava/lang/Class; @ 44
Event: 433.523 Thread 0x00000000032e6800 Uncommon trap: reason=unhandled action=none pc=0x0000000003667728 method=java.net.URLClassLoader.findClass(Ljava/lang/String;)Ljava/lang/Class; @ 44
Event: 433.524 Thread 0x00000000032e6800 Uncommon trap: reason=unhandled action=none pc=0x0000000003667728 method=java.net.URLClassLoader.findClass(Ljava/lang/String;)Ljava/lang/Class; @ 44
Event: 433.525 Thread 0x00000000032e6800 Uncommon trap: reason=unhandled action=none pc=0x0000000003667728 method=java.net.URLClassLoader.findClass(Ljava/lang/String;)Ljava/lang/Class; @ 44

Classes redefined (4 events):
Event: 570.953 Thread 0x00000000033dd000 redefined class name=com.nordson.pageObjects.Pressure_MDS_File, count=1
Event: 602.562 Thread 0x00000000033dd000 redefined class name=com.nordson.pageObjects.Pressure_MDS_File, count=2
Event: 626.199 Thread 0x00000000033dd000 redefined class name=com.nordson.pageObjects.Pressure_MDS_File, count=3
Event: 686.620 Thread 0x00000000033dd000 redefined class name=com.nordson.pageObjects.Pressure_MDS_File, count=4

Internal exceptions (10 events):
Event: 58.937 Thread 0x00000000032e6800 Exception <a 'java/net/SocketTimeoutException': Read timed out> (0x000000077022fbe0) thrown at [C:\re\workspace\8-2-build-windows-amd64-cygwin\jdk8u221\13320\hotspot\src\share\vm\prims\jni.cpp, line 736]
Event: 58.953 Thread 0x00000000032e6800 Exception <a 'java/net/SocketTimeoutException': Read timed out> (0x000000077024a490) thrown at [C:\re\workspace\8-2-build-windows-amd64-cygwin\jdk8u221\13320\hotspot\src\share\vm\prims\jni.cpp, line 736]
Event: 60.003 Thread 0x00000000032e6800 Exception <a 'java/net/SocketTimeoutException': Read timed out> (0x000000077025cdb8) thrown at [C:\re\workspace\8-2-build-windows-amd64-cygwin\jdk8u221\13320\hotspot\src\share\vm\prims\jni.cpp, line 736]
Event: 60.019 Thread 0x00000000032e6800 Exception <a 'java/net/SocketTimeoutException': Read timed out> (0x0000000770277668) thrown at [C:\re\workspace\8-2-build-windows-amd64-cygwin\jdk8u221\13320\hotspot\src\share\vm\prims\jni.cpp, line 736]
Event: 61.050 Thread 0x00000000032e6800 Exception <a 'java/net/SocketTimeoutException': Read timed out> (0x0000000770289f90) thrown at [C:\re\workspace\8-2-build-windows-amd64-cygwin\jdk8u221\13320\hotspot\src\share\vm\prims\jni.cpp, line 736]
Event: 61.065 Thread 0x00000000032e6800 Exception <a 'java/net/SocketTimeoutException': Read timed out> (0x00000007702a4840) thrown at [C:\re\workspace\8-2-build-windows-amd64-cygwin\jdk8u221\13320\hotspot\src\share\vm\prims\jni.cpp, line 736]
Event: 62.099 Thread 0x00000000032e6800 Exception <a 'java/net/SocketTimeoutException': Read timed out> (0x00000007702b7168) thrown at [C:\re\workspace\8-2-build-windows-amd64-cygwin\jdk8u221\13320\hotspot\src\share\vm\prims\jni.cpp, line 736]
Event: 62.114 Thread 0x00000000032e6800 Exception <a 'java/net/SocketTimeoutException': Read timed out> (0x00000007702d1a18) thrown at [C:\re\workspace\8-2-build-windows-amd64-cygwin\jdk8u221\13320\hotspot\src\share\vm\prims\jni.cpp, line 736]
Event: 63.160 Thread 0x00000000032e6800 Exception <a 'java/net/SocketTimeoutException': Read timed out> (0x00000007702e4340) thrown at [C:\re\workspace\8-2-build-windows-amd64-cygwin\jdk8u221\13320\hotspot\src\share\vm\prims\jni.cpp, line 736]
Event: 63.176 Thread 0x00000000032e6800 Exception <a 'java/net/SocketTimeoutException': Read timed out> (0x00000007702febf0) thrown at [C:\re\workspace\8-2-build-windows-amd64-cygwin\jdk8u221\13320\hotspot\src\share\vm\prims\jni.cpp, line 736]

Events (10 events):
Event: 686.669 Executing VM operation: ChangeBreakpoints done
Event: 686.677 Executing VM operation: ChangeBreakpoints
Event: 686.678 Executing VM operation: ChangeBreakpoints done
Event: 686.685 Executing VM operation: ChangeBreakpoints
Event: 686.686 Executing VM operation: ChangeBreakpoints done
Event: 686.753 Executing VM operation: GetOwnedMonitorInfo
Event: 686.753 Executing VM operation: GetOwnedMonitorInfo done
Event: 686.753 Executing VM operation: GetCurrentContendedMonitor
Event: 686.753 Executing VM operation: GetCurrentContendedMonitor done
Event: 686.759 Executing VM operation: GetOrSetLocal


Dynamic libraries:
0x00007ff69d060000 - 0x00007ff69d097000 	C:\Program Files\Java\jdk1.8.0_221\bin\javaw.exe
0x00007ffe40b10000 - 0x00007ffe40d06000 	C:\WINDOWS\SYSTEM32\ntdll.dll
0x00007ffe40920000 - 0x00007ffe409dd000 	C:\WINDOWS\System32\KERNEL32.DLL
0x00007ffe3e320000 - 0x00007ffe3e5e9000 	C:\WINDOWS\System32\KERNELBASE.dll
0x00007ffe3f160000 - 0x00007ffe3f20c000 	C:\WINDOWS\System32\ADVAPI32.dll
0x00007ffe3fd90000 - 0x00007ffe3fe2e000 	C:\WINDOWS\System32\msvcrt.dll
0x00007ffe40050000 - 0x00007ffe400ec000 	C:\WINDOWS\System32\sechost.dll
0x00007ffe3f3c0000 - 0x00007ffe3f4eb000 	C:\WINDOWS\System32\RPCRT4.dll
0x00007ffe3efb0000 - 0x00007ffe3f150000 	C:\WINDOWS\System32\USER32.dll
0x00007ffe3e7a0000 - 0x00007ffe3e7c2000 	C:\WINDOWS\System32\win32u.dll
0x00007ffe3eb70000 - 0x00007ffe3eb9a000 	C:\WINDOWS\System32\GDI32.dll
0x00007ffe3e9b0000 - 0x00007ffe3eabb000 	C:\WINDOWS\System32\gdi32full.dll
0x00007ffe3e280000 - 0x00007ffe3e31d000 	C:\WINDOWS\System32\msvcp_win.dll
0x00007ffe3e640000 - 0x00007ffe3e740000 	C:\WINDOWS\System32\ucrtbase.dll
0x00007ffe28ba0000 - 0x00007ffe28e3b000 	C:\WINDOWS\WinSxS\amd64_microsoft.windows.common-controls_6595b64144ccf1df_6.0.19041.746_none_ca02b4b61b8320a4\COMCTL32.dll
0x00007ffe3ec50000 - 0x00007ffe3ec80000 	C:\WINDOWS\System32\IMM32.DLL
0x00000000752d0000 - 0x00000000753a2000 	C:\Program Files\Java\jdk1.8.0_221\jre\bin\msvcr100.dll
0x0000000074570000 - 0x0000000074e15000 	C:\Program Files\Java\jdk1.8.0_221\jre\bin\server\jvm.dll
0x00007ffe40a00000 - 0x00007ffe40a08000 	C:\WINDOWS\System32\PSAPI.DLL
0x00007ffe24ec0000 - 0x00007ffe24ec9000 	C:\WINDOWS\SYSTEM32\WSOCK32.dll
0x00007ffe3feb0000 - 0x00007ffe3ff1b000 	C:\WINDOWS\System32\WS2_32.dll
0x00007ffe25960000 - 0x00007ffe25987000 	C:\WINDOWS\SYSTEM32\WINMM.dll
0x00007ffe39e60000 - 0x00007ffe39e6a000 	C:\WINDOWS\SYSTEM32\VERSION.dll
0x00007ffe17c00000 - 0x00007ffe17c0f000 	C:\Program Files\Java\jdk1.8.0_221\jre\bin\verify.dll
0x00007ffe17bd0000 - 0x00007ffe17bf9000 	C:\Program Files\Java\jdk1.8.0_221\jre\bin\java.dll
0x00007ffe2a500000 - 0x00007ffe2a535000 	C:\Program Files\Java\jdk1.8.0_221\jre\bin\jdwp.dll
0x00007ffe3b250000 - 0x00007ffe3b258000 	C:\Program Files\Java\jdk1.8.0_221\jre\bin\npt.dll
0x00007ffe2a390000 - 0x00007ffe2a3b3000 	C:\Program Files\Java\jdk1.8.0_221\jre\bin\instrument.dll
0x00007ffe17af0000 - 0x00007ffe17b06000 	C:\Program Files\Java\jdk1.8.0_221\jre\bin\zip.dll
0x00007ffe400f0000 - 0x00007ffe40832000 	C:\WINDOWS\System32\SHELL32.dll
0x00007ffe3c380000 - 0x00007ffe3cb10000 	C:\WINDOWS\SYSTEM32\windows.storage.dll
0x00007ffe3fa30000 - 0x00007ffe3fd86000 	C:\WINDOWS\System32\combase.dll
0x00007ffe3dcb0000 - 0x00007ffe3dcdc000 	C:\WINDOWS\SYSTEM32\Wldp.dll
0x00007ffe3eba0000 - 0x00007ffe3ec4e000 	C:\WINDOWS\System32\SHCORE.dll
0x00007ffe3ece0000 - 0x00007ffe3ed35000 	C:\WINDOWS\System32\shlwapi.dll
0x00007ffe3e180000 - 0x00007ffe3e1a6000 	C:\WINDOWS\SYSTEM32\profapi.dll
0x00007ffe3b230000 - 0x00007ffe3b239000 	C:\Program Files\Java\jdk1.8.0_221\jre\bin\dt_socket.dll
0x00007ffe169b0000 - 0x00007ffe169c7000 	C:\WINDOWS\system32\napinsp.dll
0x00007ffe16990000 - 0x00007ffe169ab000 	C:\WINDOWS\system32\pnrpnsp.dll
0x00007ffe3ab50000 - 0x00007ffe3ab65000 	C:\WINDOWS\system32\wshbth.dll
0x00007ffe3afb0000 - 0x00007ffe3afcd000 	C:\WINDOWS\system32\NLAapi.dll
0x00007ffe3d6d0000 - 0x00007ffe3d70b000 	C:\WINDOWS\SYSTEM32\IPHLPAPI.DLL
0x00007ffe3da30000 - 0x00007ffe3da9a000 	C:\WINDOWS\System32\mswsock.dll
0x00007ffe3d710000 - 0x00007ffe3d7db000 	C:\WINDOWS\SYSTEM32\DNSAPI.dll
0x00007ffe3f150000 - 0x00007ffe3f158000 	C:\WINDOWS\System32\NSI.dll
0x00007ffe16970000 - 0x00007ffe16982000 	C:\WINDOWS\System32\winrnr.dll
0x00007ffe3a390000 - 0x00007ffe3a40f000 	C:\WINDOWS\System32\fwpuclnt.dll
0x00007ffe3e250000 - 0x00007ffe3e277000 	C:\WINDOWS\System32\bcrypt.dll
0x00007ffe36b70000 - 0x00007ffe36b7a000 	C:\Windows\System32\rasadhlp.dll
0x00007ffe17840000 - 0x00007ffe1785a000 	C:\Program Files\Java\jdk1.8.0_221\jre\bin\net.dll
0x00007ffe2be40000 - 0x00007ffe2c02e000 	C:\WINDOWS\SYSTEM32\urlmon.dll
0x00007ffe2f690000 - 0x00007ffe2f940000 	C:\WINDOWS\SYSTEM32\iertutil.dll
0x00007ffe3dc00000 - 0x00007ffe3dc18000 	C:\WINDOWS\SYSTEM32\CRYPTSP.dll
0x00007ffe3d360000 - 0x00007ffe3d394000 	C:\WINDOWS\system32\rsaenh.dll
0x00007ffe3e100000 - 0x00007ffe3e12e000 	C:\WINDOWS\SYSTEM32\USERENV.dll
0x00007ffe3e930000 - 0x00007ffe3e9b0000 	C:\WINDOWS\System32\bcryptprimitives.dll
0x00007ffe3dc20000 - 0x00007ffe3dc2c000 	C:\WINDOWS\SYSTEM32\CRYPTBASE.dll
0x00007ffe3a370000 - 0x00007ffe3a387000 	C:\WINDOWS\SYSTEM32\dhcpcsvc6.DLL
0x00007ffe3a300000 - 0x00007ffe3a31d000 	C:\WINDOWS\SYSTEM32\dhcpcsvc.DLL
0x00007ffe17820000 - 0x00007ffe17832000 	C:\Program Files\Java\jdk1.8.0_221\jre\bin\nio.dll
0x00007ffe14570000 - 0x00007ffe14594000 	C:\Program Files\Java\jdk1.8.0_221\jre\bin\sunec.dll
0x00007ffe14560000 - 0x00007ffe1456b000 	C:\Program Files\Java\jdk1.8.0_221\jre\bin\sunmscapi.dll
0x00007ffe3e7d0000 - 0x00007ffe3e926000 	C:\WINDOWS\System32\CRYPT32.dll
0x00007ffe177a0000 - 0x00007ffe177ad000 	C:\Program Files\Java\jdk1.8.0_221\jre\bin\management.dll
0x00007ffe3ce80000 - 0x00007ffe3ceb3000 	C:\WINDOWS\SYSTEM32\ntmarta.dll
0x00007ffe3c0b0000 - 0x00007ffe3c294000 	C:\WINDOWS\SYSTEM32\dbghelp.dll

VM Arguments:
jvm_args: -agentlib:jdwp=transport=dt_socket,suspend=y,address=localhost:64313 -ea -javaagent:C:\Users\Ravi Raj\.m2\repository/org/aspectj/aspectjweaver/1.9.4/aspectjweaver-1.9.4.jar -Dfile.encoding=Cp1252 
java_command: org.testng.remote.RemoteTestNG -serport 64312 -protocol json -d C:\Users\Ravi Raj\git\nordsonomu_automation\nordson.omu\test-output C:\Users\Ravi Raj\git\nordsonomu_automation\nordson.omu\testng.xml
java_class_path (initial): C:\Users\Ravi Raj\eclipse\jee-2019-06\eclipse\configuration\org.eclipse.osgi\962\0\.cp\lib\testng-remote.jar;C:\Users\Ravi Raj\git\nordsonomu_automation\nordson.omu\target\test-classes;C:\Users\Ravi Raj\git\nordsonomu_automation\nordson.omu\target\classes;C:\Users\Ravi Raj\.m2\repository\org\seleniumhq\selenium\selenium-java\3.141.59\selenium-java-3.141.59.jar;C:\Users\Ravi Raj\.m2\repository\org\seleniumhq\selenium\selenium-api\3.141.59\selenium-api-3.141.59.jar;C:\Users\Ravi Raj\.m2\repository\org\seleniumhq\selenium\selenium-chrome-driver\3.141.59\selenium-chrome-driver-3.141.59.jar;C:\Users\Ravi Raj\.m2\repository\org\seleniumhq\selenium\selenium-edge-driver\3.141.59\selenium-edge-driver-3.141.59.jar;C:\Users\Ravi Raj\.m2\repository\org\seleniumhq\selenium\selenium-firefox-driver\3.141.59\selenium-firefox-driver-3.141.59.jar;C:\Users\Ravi Raj\.m2\repository\org\seleniumhq\selenium\selenium-ie-driver\3.141.59\selenium-ie-driver-3.141.59.jar;C:\Users\Ravi Raj\.m2\repository\org\seleniumhq\selenium\selenium-opera-driver\3.141.59\selenium-opera-driver-3.141.59.jar;C:\Users\Ravi Raj\.m2\repository\org\seleniumhq\selenium\selenium-remote-driver\3.141.59\selenium-remote-driver-3.141.59.jar;C:\Users\Ravi Raj\.m2\repository\org\seleniumhq\selenium\selenium-safari-driver\3.141.59\selenium-safari-driver-3.141.59.jar;C:\Users\Ravi Raj\.m2\repository\org\seleniumhq\selenium\selenium-support\3.141.59\selenium-support-3.141.59.jar;C:\Users\Ravi Raj\.m2\repository\net\bytebuddy\byte-buddy\1.8.15\byte-buddy-1.8.15.jar;C:\Users\Ravi Raj\.m2\repository\org\apache\commons\commons-exec\1.3\commons-exec-1.3.jar;C:\Users\Ravi Raj\.m2\repository\com\google\guava\guava\25.0-jre\guava-25.0-jre.jar;C:\Users\Ravi Raj\.m2\repository\com\google\code\findbugs\jsr305\1.3.9\jsr305-1.3.9.jar;C:\Users\Ravi Raj\.m2\repository\org\checkerframework\checker-compat-qual\2.0.0\checker-compat-qual-2.0.0.jar;C:\Users\Ravi Raj\.m2\repository\com\google\errorprone\error_prone_a
Launcher Type: SUN_STANDARD

Environment Variables:
JAVA_HOME=C:\Program Files\Java\jdk1.8.0_221
PATH=C:\Program Files\Java\jdk1.8.0_221\jre\bin;C:/Program Files/Java/jre1.8.0_221/bin/server;C:/Program Files/Java/jre1.8.0_221/bin;C:/Program Files/Java/jre1.8.0_221/lib/amd64;C:\Python38\Scripts\;C:\Python38\;C:\Program Files (x86)\Common Files\Oracle\Java\javapath;C:\Windows\system32;C:\Windows;C:\Windows\System32\Wbem;C:\Windows\System32\WindowsPowerShell\v1.0\;C:\Windows\System32\OpenSSH\;C:\Program Files (x86)\NVIDIA Corporation\PhysX\Common;C:\Program Files\Java\jdk1.8.0_221\bin;C:\Users\Ravi Raj\AppData\Local\Android\Sdk\tools;C:\Users\Ravi Raj\AppData\Local\Android\Sdk\platform-tools;C:\Program Files\Intel\WiFi\bin\;C:\Program Files\Common Files\Intel\WirelessCommon\;C:\WINDOWS\system32;C:\WINDOWS;C:\WINDOWS\System32\Wbem;C:\WINDOWS\System32\WindowsPowerShell\v1.0\;C:\WINDOWS\System32\OpenSSH\;C:\Program Files\PuTTY\;C:\Program Files\Sublime Text 3;C:\Program Files\Git\cmd;C:\Program Files (x86)\scala\bin;C:\Program Files (x86)\CrSSL\bin;C:\Program Files\Microsoft VS Code\bin;C:\ProgramData\chocolatey\bin;C:\Program Files\nodejs\;E:\SOURCEBITS -NORDSON PROJECT\apache-maven-3.6.3\bin;C:\Users\Ravi Raj\scoop\apps\allure\2.13.6\bin;C:\Users\Ravi Raj\scoop\apps\allure\2.13.6;C:\Program Files (x86)\Intel\Intel(R) Management Engine Components\DAL;C:\Program Files\Intel\Intel(R) Management Engine Components\DAL;C:\Users\Ravi Raj\scoop\shims;C:\Users\Ravi Raj\AppData\Local\Microsoft\WindowsApps;C:\Users\Ravi Raj\AppData\Local\GitHubDesktop\bin;C:\Users\Ravi Raj\AppData\Roaming\npm;C:\Users\Ravi Raj\AppData\Local\Microsoft\WindowsApps;E:\SOURCEBITS -NORDSON PROJECT\apache-maven-3.6.3\bin\;C:\Users\Ravi Raj\scoop\apps\allure\2.13.6\bin;;C:\WINDOWS\system32;
USERNAME=raviraj.metri
OS=Windows_NT
PROCESSOR_IDENTIFIER=Intel64 Family 6 Model 158 Stepping 10, GenuineIntel



---------------  S Y S T E M  ---------------

OS: Windows 10.0 , 64 bit Build 19041 (10.0.19041.804)

CPU:total 12 (initial active 12) (6 cores per cpu, 2 threads per core) family 6 model 158 stepping 10, cmov, cx8, fxsr, mmx, sse, sse2, sse3, ssse3, sse4.1, sse4.2, popcnt, avx, avx2, aes, clmul, erms, rtm, 3dnowpref, lzcnt, ht, tsc, tscinvbit, bmi1, bmi2, adx

Memory: 4k page, physical 16564188k(6823148k free), swap 23904220k(8901304k free)

vm_info: Java HotSpot(TM) 64-Bit Server VM (25.221-b11) for windows-amd64 JRE (1.8.0_221-b11), built on Jul  4 2019 04:39:29 by "java_re" with MS VC++ 10.0 (VS2010)

time: Mon Mar 08 16:57:55 2021
timezone: India Standard Time
elapsed time: 686 seconds (0d 0h 11m 26s)

